GL_LOG_FILE log. local time Thu Dec  4 21:37:49 2014

starting GLFW 3.0.1 X11 GLX glXGetProcAddress clock_gettime /dev/jsrenderer: GeForce GT 650M/PCIe/SSE2
version: 4.4.0 NVIDIA 331.38
creating shader from test_vs.glsl...
shader compiled. index 1
creating shader from test_fs.glsl...
shader compiled. index 2
created programme 3. attaching shaders 1 and 2...
program 3 GL_VALIDATE_STATUS = GL_TRUE
creating shader from background_vs.glsl...
shader compiled. index 4
creating shader from background_fs.glsl...
shader compiled. index 5
created programme 6. attaching shaders 4 and 5...
program 6 GL_VALIDATE_STATUS = GL_TRUE
creating shader from mountain_vs.glsl...
shader compiled. index 7
creating shader from mountain_fs.glsl...
shader compiled. index 8
created programme 9. attaching shaders 7 and 8...
program 9 GL_VALIDATE_STATUS = GL_TRUE
creating shader from shaders/water_vs.glsl...
shader compiled. index 10
creating shader from shaders/water_fs.glsl...
shader compiled. index 11
created programme 12. attaching shaders 10 and 11...
program 12 GL_VALIDATE_STATUS = GL_TRUE
creating shader from shaders/bullet_vs.glsl...
shader compiled. index 13
creating shader from shaders/bullet_fs.glsl...
shader compiled. index 14
created programme 15. attaching shaders 13 and 14...
program 15 GL_VALIDATE_STATUS = GL_TRUE
creating shader from shaders/bullet_vs.glsl...
shader compiled. index 16
creating shader from shaders/bullet_fs.glsl...
shader compiled. index 17
created programme 18. attaching shaders 16 and 17...
program 18 GL_VALIDATE_STATUS = GL_TRUE
creating shader from shaders/bullet_vs.glsl...
shader compiled. index 19
creating shader from shaders/bullet_fs.glsl...
shader compiled. index 20
created programme 21. attaching shaders 19 and 20...
program 21 GL_VALIDATE_STATUS = GL_TRUE
creating shader from shaders/bullet_vs.glsl...
shader compiled. index 22
creating shader from shaders/bullet_fs.glsl...
shader compiled. index 23
created programme 24. attaching shaders 22 and 23...
program 24 GL_VALIDATE_STATUS = GL_TRUE
creating shader from shaders/bullet_vs.glsl...
shader compiled. index 25
creating shader from shaders/bullet_fs.glsl...
shader compiled. index 26
created programme 27. attaching shaders 25 and 26...
program 27 GL_VALIDATE_STATUS = GL_TRUE
creating shader from shaders/bullet_vs.glsl...
shader compiled. index 28
creating shader from shaders/bullet_fs.glsl...
shader compiled. index 29
created programme 30. attaching shaders 28 and 29...
program 30 GL_VALIDATE_STATUS = GL_TRUE
creating shader from shaders/bullet_vs.glsl...
shader compiled. index 31
creating shader from shaders/bullet_fs.glsl...
shader compiled. index 32
created programme 33. attaching shaders 31 and 32...
program 33 GL_VALIDATE_STATUS = GL_TRUE
creating shader from shaders/bullet_vs.glsl...
shader compiled. index 34
creating shader from shaders/bullet_fs.glsl...
shader compiled. index 35
created programme 36. attaching shaders 34 and 35...
program 36 GL_VALIDATE_STATUS = GL_TRUE
creating shader from shaders/bullet_vs.glsl...
shader compiled. index 37
creating shader from shaders/bullet_fs.glsl...
shader compiled. index 38
created programme 39. attaching shaders 37 and 38...
program 39 GL_VALIDATE_STATUS = GL_TRUE
creating shader from shaders/bullet_vs.glsl...
shader compiled. index 40
creating shader from shaders/bullet_fs.glsl...
shader compiled. index 41
created programme 42. attaching shaders 40 and 41...
program 42 GL_VALIDATE_STATUS = GL_TRUE
creating shader from shaders/bullet_vs.glsl...
shader compiled. index 43
creating shader from shaders/bullet_fs.glsl...
shader compiled. index 44
created programme 45. attaching shaders 43 and 44...
program 45 GL_VALIDATE_STATUS = GL_TRUE
creating shader from shaders/bullet_vs.glsl...
shader compiled. index 46
creating shader from shaders/bullet_fs.glsl...
shader compiled. index 47
created programme 48. attaching shaders 46 and 47...
program 48 GL_VALIDATE_STATUS = GL_TRUE
creating shader from shaders/bullet_vs.glsl...
shader compiled. index 49
creating shader from shaders/bullet_fs.glsl...
shader compiled. index 50
created programme 51. attaching shaders 49 and 50...
program 51 GL_VALIDATE_STATUS = GL_TRUE
creating shader from shaders/bullet_vs.glsl...
shader compiled. index 52
creating shader from shaders/bullet_fs.glsl...
shader compiled. index 53
created programme 54. attaching shaders 52 and 53...
program 54 GL_VALIDATE_STATUS = GL_TRUE
creating shader from shaders/bullet_vs.glsl...
shader compiled. index 55
creating shader from shaders/bullet_fs.glsl...
shader compiled. index 56
created programme 57. attaching shaders 55 and 56...
program 57 GL_VALIDATE_STATUS = GL_TRUE
creating shader from shaders/bullet_vs.glsl...
shader compiled. index 58
creating shader from shaders/bullet_fs.glsl...
shader compiled. index 59
created programme 60. attaching shaders 58 and 59...
program 60 GL_VALIDATE_STATUS = GL_TRUE
creating shader from shaders/bullet_vs.glsl...
shader compiled. index 61
creating shader from shaders/bullet_fs.glsl...
shader compiled. index 62
created programme 63. attaching shaders 61 and 62...
program 63 GL_VALIDATE_STATUS = GL_TRUE
creating shader from shaders/bullet_vs.glsl...
shader compiled. index 64
creating shader from shaders/bullet_fs.glsl...
shader compiled. index 65
created programme 66. attaching shaders 64 and 65...
program 66 GL_VALIDATE_STATUS = GL_TRUE
creating shader from shaders/bullet_vs.glsl...
shader compiled. index 67
creating shader from shaders/bullet_fs.glsl...
shader compiled. index 68
created programme 69. attaching shaders 67 and 68...
program 69 GL_VALIDATE_STATUS = GL_TRUE
creating shader from shaders/bullet_vs.glsl...
shader compiled. index 70
creating shader from shaders/bullet_fs.glsl...
shader compiled. index 71
created programme 72. attaching shaders 70 and 71...
program 72 GL_VALIDATE_STATUS = GL_TRUE
creating shader from shaders/bullet_vs.glsl...
shader compiled. index 73
creating shader from shaders/bullet_fs.glsl...
shader compiled. index 74
created programme 75. attaching shaders 73 and 74...
program 75 GL_VALIDATE_STATUS = GL_TRUE
creating shader from shaders/bullet_vs.glsl...
shader compiled. index 76
creating shader from shaders/bullet_fs.glsl...
shader compiled. index 77
created programme 78. attaching shaders 76 and 77...
program 78 GL_VALIDATE_STATUS = GL_TRUE
creating shader from shaders/bullet_vs.glsl...
shader compiled. index 79
creating shader from shaders/bullet_fs.glsl...
shader compiled. index 80
created programme 81. attaching shaders 79 and 80...
program 81 GL_VALIDATE_STATUS = GL_TRUE
creating shader from shaders/bullet_vs.glsl...
shader compiled. index 82
creating shader from shaders/bullet_fs.glsl...
shader compiled. index 83
created programme 84. attaching shaders 82 and 83...
program 84 GL_VALIDATE_STATUS = GL_TRUE
creating shader from shaders/bullet_vs.glsl...
shader compiled. index 85
creating shader from shaders/bullet_fs.glsl...
shader compiled. index 86
created programme 87. attaching shaders 85 and 86...
program 87 GL_VALIDATE_STATUS = GL_TRUE
creating shader from shaders/bullet_vs.glsl...
shader compiled. index 88
creating shader from shaders/bullet_fs.glsl...
shader compiled. index 89
created programme 90. attaching shaders 88 and 89...
program 90 GL_VALIDATE_STATUS = GL_TRUE
creating shader from shaders/bullet_vs.glsl...
shader compiled. index 91
creating shader from shaders/bullet_fs.glsl...
shader compiled. index 92
created programme 93. attaching shaders 91 and 92...
program 93 GL_VALIDATE_STATUS = GL_TRUE
creating shader from shaders/bullet_vs.glsl...
shader compiled. index 94
creating shader from shaders/bullet_fs.glsl...
shader compiled. index 95
created programme 96. attaching shaders 94 and 95...
program 96 GL_VALIDATE_STATUS = GL_TRUE
creating shader from shaders/bullet_vs.glsl...
shader compiled. index 97
creating shader from shaders/bullet_fs.glsl...
shader compiled. index 98
created programme 99. attaching shaders 97 and 98...
program 99 GL_VALIDATE_STATUS = GL_TRUE
creating shader from shaders/bullet_vs.glsl...
shader compiled. index 100
creating shader from shaders/bullet_fs.glsl...
shader compiled. index 101
created programme 102. attaching shaders 100 and 101...
program 102 GL_VALIDATE_STATUS = GL_TRUE
creating shader from shaders/bullet_vs.glsl...
shader compiled. index 103
creating shader from shaders/bullet_fs.glsl...
shader compiled. index 104
created programme 105. attaching shaders 103 and 104...
program 105 GL_VALIDATE_STATUS = GL_TRUE
creating shader from shaders/bullet_vs.glsl...
shader compiled. index 106
creating shader from shaders/bullet_fs.glsl...
shader compiled. index 107
created programme 108. attaching shaders 106 and 107...
program 108 GL_VALIDATE_STATUS = GL_TRUE
creating shader from shaders/bullet_vs.glsl...
shader compiled. index 109
creating shader from shaders/bullet_fs.glsl...
shader compiled. index 110
created programme 111. attaching shaders 109 and 110...
program 111 GL_VALIDATE_STATUS = GL_TRUE
creating shader from shaders/bullet_vs.glsl...
shader compiled. index 112
creating shader from shaders/bullet_fs.glsl...
shader compiled. index 113
created programme 114. attaching shaders 112 and 113...
program 114 GL_VALIDATE_STATUS = GL_TRUE
creating shader from shaders/bullet_vs.glsl...
shader compiled. index 115
creating shader from shaders/bullet_fs.glsl...
shader compiled. index 116
created programme 117. attaching shaders 115 and 116...
program 117 GL_VALIDATE_STATUS = GL_TRUE
creating shader from shaders/bullet_vs.glsl...
shader compiled. index 118
creating shader from shaders/bullet_fs.glsl...
shader compiled. index 119
created programme 120. attaching shaders 118 and 119...
program 120 GL_VALIDATE_STATUS = GL_TRUE
creating shader from shaders/bullet_vs.glsl...
shader compiled. index 121
creating shader from shaders/bullet_fs.glsl...
shader compiled. index 122
created programme 123. attaching shaders 121 and 122...
program 123 GL_VALIDATE_STATUS = GL_TRUE
creating shader from shaders/bullet_vs.glsl...
shader compiled. index 124
creating shader from shaders/bullet_fs.glsl...
shader compiled. index 125
created programme 126. attaching shaders 124 and 125...
program 126 GL_VALIDATE_STATUS = GL_TRUE
creating shader from shaders/bullet_vs.glsl...
shader compiled. index 127
creating shader from shaders/bullet_fs.glsl...
shader compiled. index 128
created programme 129. attaching shaders 127 and 128...
program 129 GL_VALIDATE_STATUS = GL_TRUE
creating shader from shaders/bullet_vs.glsl...
shader compiled. index 130
creating shader from shaders/bullet_fs.glsl...
shader compiled. index 131
created programme 132. attaching shaders 130 and 131...
program 132 GL_VALIDATE_STATUS = GL_TRUE
creating shader from shaders/bullet_vs.glsl...
shader compiled. index 133
creating shader from shaders/bullet_fs.glsl...
shader compiled. index 134
created programme 135. attaching shaders 133 and 134...
program 135 GL_VALIDATE_STATUS = GL_TRUE
creating shader from shaders/bullet_vs.glsl...
shader compiled. index 136
creating shader from shaders/bullet_fs.glsl...
shader compiled. index 137
created programme 138. attaching shaders 136 and 137...
program 138 GL_VALIDATE_STATUS = GL_TRUE
creating shader from shaders/bullet_vs.glsl...
shader compiled. index 139
creating shader from shaders/bullet_fs.glsl...
shader compiled. index 140
created programme 141. attaching shaders 139 and 140...
program 141 GL_VALIDATE_STATUS = GL_TRUE
creating shader from shaders/bullet_vs.glsl...
shader compiled. index 142
creating shader from shaders/bullet_fs.glsl...
shader compiled. index 143
created programme 144. attaching shaders 142 and 143...
program 144 GL_VALIDATE_STATUS = GL_TRUE
creating shader from shaders/bullet_vs.glsl...
shader compiled. index 145
creating shader from shaders/bullet_fs.glsl...
shader compiled. index 146
created programme 147. attaching shaders 145 and 146...
program 147 GL_VALIDATE_STATUS = GL_TRUE
creating shader from shaders/bullet_vs.glsl...
shader compiled. index 148
creating shader from shaders/bullet_fs.glsl...
shader compiled. index 149
created programme 150. attaching shaders 148 and 149...
program 150 GL_VALIDATE_STATUS = GL_TRUE
creating shader from shaders/bullet_vs.glsl...
shader compiled. index 151
creating shader from shaders/bullet_fs.glsl...
shader compiled. index 152
created programme 153. attaching shaders 151 and 152...
program 153 GL_VALIDATE_STATUS = GL_TRUE
creating shader from shaders/bullet_vs.glsl...
shader compiled. index 154
creating shader from shaders/bullet_fs.glsl...
shader compiled. index 155
created programme 156. attaching shaders 154 and 155...
program 156 GL_VALIDATE_STATUS = GL_TRUE
creating shader from shaders/bullet_vs.glsl...
shader compiled. index 157
creating shader from shaders/bullet_fs.glsl...
shader compiled. index 158
created programme 159. attaching shaders 157 and 158...
program 159 GL_VALIDATE_STATUS = GL_TRUE
creating shader from shaders/bullet_vs.glsl...
shader compiled. index 160
creating shader from shaders/bullet_fs.glsl...
shader compiled. index 161
created programme 162. attaching shaders 160 and 161...
program 162 GL_VALIDATE_STATUS = GL_TRUE
creating shader from shaders/bullet_vs.glsl...
shader compiled. index 163
creating shader from shaders/bullet_fs.glsl...
shader compiled. index 164
created programme 165. attaching shaders 163 and 164...
program 165 GL_VALIDATE_STATUS = GL_TRUE
creating shader from shaders/bullet_vs.glsl...
shader compiled. index 166
creating shader from shaders/bullet_fs.glsl...
shader compiled. index 167
created programme 168. attaching shaders 166 and 167...
program 168 GL_VALIDATE_STATUS = GL_TRUE
creating shader from shaders/bullet_vs.glsl...
shader compiled. index 169
creating shader from shaders/bullet_fs.glsl...
shader compiled. index 170
created programme 171. attaching shaders 169 and 170...
program 171 GL_VALIDATE_STATUS = GL_TRUE
creating shader from shaders/bullet_vs.glsl...
shader compiled. index 172
creating shader from shaders/bullet_fs.glsl...
shader compiled. index 173
created programme 174. attaching shaders 172 and 173...
program 174 GL_VALIDATE_STATUS = GL_TRUE
creating shader from shaders/bullet_vs.glsl...
shader compiled. index 175
creating shader from shaders/bullet_fs.glsl...
shader compiled. index 176
created programme 177. attaching shaders 175 and 176...
program 177 GL_VALIDATE_STATUS = GL_TRUE
creating shader from shaders/bullet_vs.glsl...
shader compiled. index 178
creating shader from shaders/bullet_fs.glsl...
shader compiled. index 179
created programme 180. attaching shaders 178 and 179...
program 180 GL_VALIDATE_STATUS = GL_TRUE
creating shader from shaders/bullet_vs.glsl...
shader compiled. index 181
creating shader from shaders/bullet_fs.glsl...
shader compiled. index 182
created programme 183. attaching shaders 181 and 182...
program 183 GL_VALIDATE_STATUS = GL_TRUE
creating shader from shaders/bullet_vs.glsl...
shader compiled. index 184
creating shader from shaders/bullet_fs.glsl...
shader compiled. index 185
created programme 186. attaching shaders 184 and 185...
program 186 GL_VALIDATE_STATUS = GL_TRUE
creating shader from shaders/bullet_vs.glsl...
shader compiled. index 187
creating shader from shaders/bullet_fs.glsl...
shader compiled. index 188
created programme 189. attaching shaders 187 and 188...
program 189 GL_VALIDATE_STATUS = GL_TRUE
creating shader from shaders/bullet_vs.glsl...
shader compiled. index 190
creating shader from shaders/bullet_fs.glsl...
shader compiled. index 191
created programme 192. attaching shaders 190 and 191...
program 192 GL_VALIDATE_STATUS = GL_TRUE
creating shader from shaders/bullet_vs.glsl...
shader compiled. index 193
creating shader from shaders/bullet_fs.glsl...
shader compiled. index 194
created programme 195. attaching shaders 193 and 194...
program 195 GL_VALIDATE_STATUS = GL_TRUE
creating shader from shaders/bullet_vs.glsl...
shader compiled. index 196
creating shader from shaders/bullet_fs.glsl...
shader compiled. index 197
created programme 198. attaching shaders 196 and 197...
program 198 GL_VALIDATE_STATUS = GL_TRUE
creating shader from shaders/bullet_vs.glsl...
shader compiled. index 199
creating shader from shaders/bullet_fs.glsl...
shader compiled. index 200
created programme 201. attaching shaders 199 and 200...
program 201 GL_VALIDATE_STATUS = GL_TRUE
creating shader from shaders/bullet_vs.glsl...
shader compiled. index 202
creating shader from shaders/bullet_fs.glsl...
shader compiled. index 203
created programme 204. attaching shaders 202 and 203...
program 204 GL_VALIDATE_STATUS = GL_TRUE
creating shader from shaders/bullet_vs.glsl...
shader compiled. index 205
creating shader from shaders/bullet_fs.glsl...
shader compiled. index 206
created programme 207. attaching shaders 205 and 206...
program 207 GL_VALIDATE_STATUS = GL_TRUE
creating shader from shaders/bullet_vs.glsl...
shader compiled. index 208
creating shader from shaders/bullet_fs.glsl...
shader compiled. index 209
created programme 210. attaching shaders 208 and 209...
program 210 GL_VALIDATE_STATUS = GL_TRUE
creating shader from shaders/bullet_vs.glsl...
shader compiled. index 211
creating shader from shaders/bullet_fs.glsl...
shader compiled. index 212
created programme 213. attaching shaders 211 and 212...
program 213 GL_VALIDATE_STATUS = GL_TRUE
creating shader from shaders/bullet_vs.glsl...
shader compiled. index 214
creating shader from shaders/bullet_fs.glsl...
shader compiled. index 215
created programme 216. attaching shaders 214 and 215...
program 216 GL_VALIDATE_STATUS = GL_TRUE
creating shader from shaders/bullet_vs.glsl...
shader compiled. index 217
creating shader from shaders/bullet_fs.glsl...
shader compiled. index 218
created programme 219. attaching shaders 217 and 218...
program 219 GL_VALIDATE_STATUS = GL_TRUE
creating shader from shaders/bullet_vs.glsl...
shader compiled. index 220
creating shader from shaders/bullet_fs.glsl...
shader compiled. index 221
created programme 222. attaching shaders 220 and 221...
program 222 GL_VALIDATE_STATUS = GL_TRUE
creating shader from shaders/bullet_vs.glsl...
shader compiled. index 223
creating shader from shaders/bullet_fs.glsl...
shader compiled. index 224
created programme 225. attaching shaders 223 and 224...
program 225 GL_VALIDATE_STATUS = GL_TRUE
creating shader from shaders/bullet_vs.glsl...
shader compiled. index 226
creating shader from shaders/bullet_fs.glsl...
shader compiled. index 227
created programme 228. attaching shaders 226 and 227...
program 228 GL_VALIDATE_STATUS = GL_TRUE
creating shader from shaders/bullet_vs.glsl...
shader compiled. index 229
creating shader from shaders/bullet_fs.glsl...
shader compiled. index 230
created programme 231. attaching shaders 229 and 230...
program 231 GL_VALIDATE_STATUS = GL_TRUE
creating shader from shaders/bullet_vs.glsl...
shader compiled. index 232
creating shader from shaders/bullet_fs.glsl...
shader compiled. index 233
created programme 234. attaching shaders 232 and 233...
program 234 GL_VALIDATE_STATUS = GL_TRUE
creating shader from shaders/bullet_vs.glsl...
shader compiled. index 235
creating shader from shaders/bullet_fs.glsl...
shader compiled. index 236
created programme 237. attaching shaders 235 and 236...
program 237 GL_VALIDATE_STATUS = GL_TRUE
creating shader from shaders/bullet_vs.glsl...
shader compiled. index 238
creating shader from shaders/bullet_fs.glsl...
shader compiled. index 239
created programme 240. attaching shaders 238 and 239...
program 240 GL_VALIDATE_STATUS = GL_TRUE
creating shader from shaders/bullet_vs.glsl...
shader compiled. index 241
creating shader from shaders/bullet_fs.glsl...
shader compiled. index 242
created programme 243. attaching shaders 241 and 242...
program 243 GL_VALIDATE_STATUS = GL_TRUE
creating shader from shaders/bullet_vs.glsl...
shader compiled. index 244
creating shader from shaders/bullet_fs.glsl...
shader compiled. index 245
created programme 246. attaching shaders 244 and 245...
program 246 GL_VALIDATE_STATUS = GL_TRUE
creating shader from shaders/bullet_vs.glsl...
shader compiled. index 247
creating shader from shaders/bullet_fs.glsl...
shader compiled. index 248
created programme 249. attaching shaders 247 and 248...
program 249 GL_VALIDATE_STATUS = GL_TRUE
creating shader from shaders/bullet_vs.glsl...
shader compiled. index 250
creating shader from shaders/bullet_fs.glsl...
shader compiled. index 251
created programme 252. attaching shaders 250 and 251...
program 252 GL_VALIDATE_STATUS = GL_TRUE
creating shader from shaders/bullet_vs.glsl...
shader compiled. index 253
creating shader from shaders/bullet_fs.glsl...
shader compiled. index 254
created programme 255. attaching shaders 253 and 254...
program 255 GL_VALIDATE_STATUS = GL_TRUE
creating shader from shaders/bullet_vs.glsl...
shader compiled. index 256
creating shader from shaders/bullet_fs.glsl...
shader compiled. index 257
created programme 258. attaching shaders 256 and 257...
program 258 GL_VALIDATE_STATUS = GL_TRUE
creating shader from shaders/bullet_vs.glsl...
shader compiled. index 259
creating shader from shaders/bullet_fs.glsl...
shader compiled. index 260
created programme 261. attaching shaders 259 and 260...
program 261 GL_VALIDATE_STATUS = GL_TRUE
creating shader from shaders/bullet_vs.glsl...
shader compiled. index 262
creating shader from shaders/bullet_fs.glsl...
shader compiled. index 263
created programme 264. attaching shaders 262 and 263...
program 264 GL_VALIDATE_STATUS = GL_TRUE
creating shader from shaders/bullet_vs.glsl...
shader compiled. index 265
creating shader from shaders/bullet_fs.glsl...
shader compiled. index 266
created programme 267. attaching shaders 265 and 266...
program 267 GL_VALIDATE_STATUS = GL_TRUE
creating shader from shaders/bullet_vs.glsl...
shader compiled. index 268
creating shader from shaders/bullet_fs.glsl...
shader compiled. index 269
created programme 270. attaching shaders 268 and 269...
program 270 GL_VALIDATE_STATUS = GL_TRUE
creating shader from shaders/bullet_vs.glsl...
shader compiled. index 271
creating shader from shaders/bullet_fs.glsl...
shader compiled. index 272
created programme 273. attaching shaders 271 and 272...
program 273 GL_VALIDATE_STATUS = GL_TRUE
creating shader from shaders/bullet_vs.glsl...
shader compiled. index 274
creating shader from shaders/bullet_fs.glsl...
shader compiled. index 275
created programme 276. attaching shaders 274 and 275...
program 276 GL_VALIDATE_STATUS = GL_TRUE
creating shader from shaders/bullet_vs.glsl...
shader compiled. index 277
creating shader from shaders/bullet_fs.glsl...
shader compiled. index 278
created programme 279. attaching shaders 277 and 278...
program 279 GL_VALIDATE_STATUS = GL_TRUE
creating shader from shaders/bullet_vs.glsl...
shader compiled. index 280
creating shader from shaders/bullet_fs.glsl...
shader compiled. index 281
created programme 282. attaching shaders 280 and 281...
program 282 GL_VALIDATE_STATUS = GL_TRUE
creating shader from shaders/bullet_vs.glsl...
shader compiled. index 283
creating shader from shaders/bullet_fs.glsl...
shader compiled. index 284
created programme 285. attaching shaders 283 and 284...
program 285 GL_VALIDATE_STATUS = GL_TRUE
creating shader from shaders/bullet_vs.glsl...
shader compiled. index 286
creating shader from shaders/bullet_fs.glsl...
shader compiled. index 287
created programme 288. attaching shaders 286 and 287...
program 288 GL_VALIDATE_STATUS = GL_TRUE
creating shader from shaders/bullet_vs.glsl...
shader compiled. index 289
creating shader from shaders/bullet_fs.glsl...
shader compiled. index 290
created programme 291. attaching shaders 289 and 290...
program 291 GL_VALIDATE_STATUS = GL_TRUE
creating shader from shaders/bullet_vs.glsl...
shader compiled. index 292
creating shader from shaders/bullet_fs.glsl...
shader compiled. index 293
created programme 294. attaching shaders 292 and 293...
program 294 GL_VALIDATE_STATUS = GL_TRUE
creating shader from shaders/bullet_vs.glsl...
shader compiled. index 295
creating shader from shaders/bullet_fs.glsl...
shader compiled. index 296
created programme 297. attaching shaders 295 and 296...
program 297 GL_VALIDATE_STATUS = GL_TRUE
creating shader from shaders/bullet_vs.glsl...
shader compiled. index 298
creating shader from shaders/bullet_fs.glsl...
shader compiled. index 299
created programme 300. attaching shaders 298 and 299...
program 300 GL_VALIDATE_STATUS = GL_TRUE
creating shader from shaders/bullet_vs.glsl...
shader compiled. index 301
creating shader from shaders/bullet_fs.glsl...
shader compiled. index 302
created programme 303. attaching shaders 301 and 302...
program 303 GL_VALIDATE_STATUS = GL_TRUE
creating shader from shaders/bullet_vs.glsl...
shader compiled. index 304
creating shader from shaders/bullet_fs.glsl...
shader compiled. index 305
created programme 306. attaching shaders 304 and 305...
program 306 GL_VALIDATE_STATUS = GL_TRUE
creating shader from shaders/bullet_vs.glsl...
shader compiled. index 307
creating shader from shaders/bullet_fs.glsl...
shader compiled. index 308
created programme 309. attaching shaders 307 and 308...
program 309 GL_VALIDATE_STATUS = GL_TRUE
creating shader from shaders/bullet_vs.glsl...
shader compiled. index 310
creating shader from shaders/bullet_fs.glsl...
shader compiled. index 311
created programme 312. attaching shaders 310 and 311...
program 312 GL_VALIDATE_STATUS = GL_TRUE
creating shader from shaders/bullet_vs.glsl...
shader compiled. index 313
creating shader from shaders/bullet_fs.glsl...
shader compiled. index 314
created programme 315. attaching shaders 313 and 314...
program 315 GL_VALIDATE_STATUS = GL_TRUE
creating shader from shaders/bullet_vs.glsl...
shader compiled. index 316
creating shader from shaders/bullet_fs.glsl...
shader compiled. index 317
created programme 318. attaching shaders 316 and 317...
program 318 GL_VALIDATE_STATUS = GL_TRUE
creating shader from shaders/bullet_vs.glsl...
shader compiled. index 319
creating shader from shaders/bullet_fs.glsl...
shader compiled. index 320
created programme 321. attaching shaders 319 and 320...
program 321 GL_VALIDATE_STATUS = GL_TRUE
creating shader from shaders/bullet_vs.glsl...
shader compiled. index 322
creating shader from shaders/bullet_fs.glsl...
shader compiled. index 323
created programme 324. attaching shaders 322 and 323...
program 324 GL_VALIDATE_STATUS = GL_TRUE
creating shader from shaders/bullet_vs.glsl...
shader compiled. index 325
creating shader from shaders/bullet_fs.glsl...
shader compiled. index 326
created programme 327. attaching shaders 325 and 326...
program 327 GL_VALIDATE_STATUS = GL_TRUE
creating shader from shaders/bullet_vs.glsl...
shader compiled. index 328
creating shader from shaders/bullet_fs.glsl...
shader compiled. index 329
created programme 330. attaching shaders 328 and 329...
program 330 GL_VALIDATE_STATUS = GL_TRUE
creating shader from shaders/bullet_vs.glsl...
shader compiled. index 331
creating shader from shaders/bullet_fs.glsl...
shader compiled. index 332
created programme 333. attaching shaders 331 and 332...
program 333 GL_VALIDATE_STATUS = GL_TRUE
creating shader from shaders/bullet_vs.glsl...
shader compiled. index 334
creating shader from shaders/bullet_fs.glsl...
shader compiled. index 335
created programme 336. attaching shaders 334 and 335...
program 336 GL_VALIDATE_STATUS = GL_TRUE
creating shader from shaders/bullet_vs.glsl...
shader compiled. index 337
creating shader from shaders/bullet_fs.glsl...
shader compiled. index 338
created programme 339. attaching shaders 337 and 338...
program 339 GL_VALIDATE_STATUS = GL_TRUE
creating shader from shaders/bullet_vs.glsl...
shader compiled. index 340
creating shader from shaders/bullet_fs.glsl...
shader compiled. index 341
created programme 342. attaching shaders 340 and 341...
program 342 GL_VALIDATE_STATUS = GL_TRUE
creating shader from shaders/bullet_vs.glsl...
shader compiled. index 343
creating shader from shaders/bullet_fs.glsl...
shader compiled. index 344
created programme 345. attaching shaders 343 and 344...
program 345 GL_VALIDATE_STATUS = GL_TRUE
creating shader from shaders/bullet_vs.glsl...
shader compiled. index 346
creating shader from shaders/bullet_fs.glsl...
shader compiled. index 347
created programme 348. attaching shaders 346 and 347...
program 348 GL_VALIDATE_STATUS = GL_TRUE
creating shader from shaders/bullet_vs.glsl...
shader compiled. index 349
creating shader from shaders/bullet_fs.glsl...
shader compiled. index 350
created programme 351. attaching shaders 349 and 350...
program 351 GL_VALIDATE_STATUS = GL_TRUE
creating shader from shaders/bullet_vs.glsl...
shader compiled. index 352
creating shader from shaders/bullet_fs.glsl...
shader compiled. index 353
created programme 354. attaching shaders 352 and 353...
program 354 GL_VALIDATE_STATUS = GL_TRUE
creating shader from shaders/bullet_vs.glsl...
shader compiled. index 355
creating shader from shaders/bullet_fs.glsl...
shader compiled. index 356
created programme 357. attaching shaders 355 and 356...
program 357 GL_VALIDATE_STATUS = GL_TRUE
creating shader from shaders/bullet_vs.glsl...
shader compiled. index 358
creating shader from shaders/bullet_fs.glsl...
shader compiled. index 359
created programme 360. attaching shaders 358 and 359...
program 360 GL_VALIDATE_STATUS = GL_TRUE
creating shader from shaders/bullet_vs.glsl...
shader compiled. index 361
creating shader from shaders/bullet_fs.glsl...
shader compiled. index 362
created programme 363. attaching shaders 361 and 362...
program 363 GL_VALIDATE_STATUS = GL_TRUE
creating shader from shaders/bullet_vs.glsl...
shader compiled. index 364
creating shader from shaders/bullet_fs.glsl...
shader compiled. index 365
created programme 366. attaching shaders 364 and 365...
program 366 GL_VALIDATE_STATUS = GL_TRUE
creating shader from shaders/bullet_vs.glsl...
shader compiled. index 367
creating shader from shaders/bullet_fs.glsl...
shader compiled. index 368
created programme 369. attaching shaders 367 and 368...
program 369 GL_VALIDATE_STATUS = GL_TRUE
creating shader from shaders/bullet_vs.glsl...
shader compiled. index 370
creating shader from shaders/bullet_fs.glsl...
shader compiled. index 371
created programme 372. attaching shaders 370 and 371...
program 372 GL_VALIDATE_STATUS = GL_TRUE
creating shader from shaders/bullet_vs.glsl...
shader compiled. index 373
creating shader from shaders/bullet_fs.glsl...
shader compiled. index 374
created programme 375. attaching shaders 373 and 374...
program 375 GL_VALIDATE_STATUS = GL_TRUE
creating shader from shaders/bullet_vs.glsl...
shader compiled. index 376
creating shader from shaders/bullet_fs.glsl...
shader compiled. index 377
created programme 378. attaching shaders 376 and 377...
program 378 GL_VALIDATE_STATUS = GL_TRUE
creating shader from shaders/bullet_vs.glsl...
shader compiled. index 379
creating shader from shaders/bullet_fs.glsl...
shader compiled. index 380
created programme 381. attaching shaders 379 and 380...
program 381 GL_VALIDATE_STATUS = GL_TRUE
creating shader from shaders/bullet_vs.glsl...
shader compiled. index 382
creating shader from shaders/bullet_fs.glsl...
shader compiled. index 383
created programme 384. attaching shaders 382 and 383...
program 384 GL_VALIDATE_STATUS = GL_TRUE
creating shader from shaders/bullet_vs.glsl...
shader compiled. index 385
creating shader from shaders/bullet_fs.glsl...
shader compiled. index 386
created programme 387. attaching shaders 385 and 386...
program 387 GL_VALIDATE_STATUS = GL_TRUE
creating shader from shaders/bullet_vs.glsl...
shader compiled. index 388
creating shader from shaders/bullet_fs.glsl...
shader compiled. index 389
created programme 390. attaching shaders 388 and 389...
program 390 GL_VALIDATE_STATUS = GL_TRUE
creating shader from shaders/bullet_vs.glsl...
shader compiled. index 391
creating shader from shaders/bullet_fs.glsl...
shader compiled. index 392
created programme 393. attaching shaders 391 and 392...
program 393 GL_VALIDATE_STATUS = GL_TRUE
creating shader from shaders/bullet_vs.glsl...
shader compiled. index 394
creating shader from shaders/bullet_fs.glsl...
shader compiled. index 395
created programme 396. attaching shaders 394 and 395...
program 396 GL_VALIDATE_STATUS = GL_TRUE
creating shader from shaders/bullet_vs.glsl...
shader compiled. index 397
creating shader from shaders/bullet_fs.glsl...
shader compiled. index 398
created programme 399. attaching shaders 397 and 398...
program 399 GL_VALIDATE_STATUS = GL_TRUE
creating shader from shaders/bullet_vs.glsl...
shader compiled. index 400
creating shader from shaders/bullet_fs.glsl...
shader compiled. index 401
created programme 402. attaching shaders 400 and 401...
program 402 GL_VALIDATE_STATUS = GL_TRUE
creating shader from shaders/bullet_vs.glsl...
shader compiled. index 403
creating shader from shaders/bullet_fs.glsl...
shader compiled. index 404
created programme 405. attaching shaders 403 and 404...
program 405 GL_VALIDATE_STATUS = GL_TRUE
creating shader from shaders/bullet_vs.glsl...
shader compiled. index 406
creating shader from shaders/bullet_fs.glsl...
shader compiled. index 407
created programme 408. attaching shaders 406 and 407...
program 408 GL_VALIDATE_STATUS = GL_TRUE
creating shader from shaders/bullet_vs.glsl...
shader compiled. index 409
creating shader from shaders/bullet_fs.glsl...
shader compiled. index 410
created programme 411. attaching shaders 409 and 410...
program 411 GL_VALIDATE_STATUS = GL_TRUE
creating shader from shaders/bullet_vs.glsl...
shader compiled. index 412
creating shader from shaders/bullet_fs.glsl...
shader compiled. index 413
created programme 414. attaching shaders 412 and 413...
program 414 GL_VALIDATE_STATUS = GL_TRUE
creating shader from shaders/bullet_vs.glsl...
shader compiled. index 415
creating shader from shaders/bullet_fs.glsl...
shader compiled. index 416
created programme 417. attaching shaders 415 and 416...
program 417 GL_VALIDATE_STATUS = GL_TRUE
creating shader from shaders/bullet_vs.glsl...
shader compiled. index 418
creating shader from shaders/bullet_fs.glsl...
shader compiled. index 419
created programme 420. attaching shaders 418 and 419...
program 420 GL_VALIDATE_STATUS = GL_TRUE
creating shader from shaders/bullet_vs.glsl...
shader compiled. index 421
creating shader from shaders/bullet_fs.glsl...
shader compiled. index 422
created programme 423. attaching shaders 421 and 422...
program 423 GL_VALIDATE_STATUS = GL_TRUE
creating shader from shaders/bullet_vs.glsl...
shader compiled. index 424
creating shader from shaders/bullet_fs.glsl...
shader compiled. index 425
created programme 426. attaching shaders 424 and 425...
program 426 GL_VALIDATE_STATUS = GL_TRUE
creating shader from shaders/bullet_vs.glsl...
shader compiled. index 427
creating shader from shaders/bullet_fs.glsl...
shader compiled. index 428
created programme 429. attaching shaders 427 and 428...
program 429 GL_VALIDATE_STATUS = GL_TRUE
creating shader from shaders/bullet_vs.glsl...
shader compiled. index 430
creating shader from shaders/bullet_fs.glsl...
shader compiled. index 431
created programme 432. attaching shaders 430 and 431...
program 432 GL_VALIDATE_STATUS = GL_TRUE
creating shader from shaders/bullet_vs.glsl...
shader compiled. index 433
creating shader from shaders/bullet_fs.glsl...
shader compiled. index 434
created programme 435. attaching shaders 433 and 434...
program 435 GL_VALIDATE_STATUS = GL_TRUE
creating shader from shaders/bullet_vs.glsl...
shader compiled. index 436
creating shader from shaders/bullet_fs.glsl...
shader compiled. index 437
created programme 438. attaching shaders 436 and 437...
program 438 GL_VALIDATE_STATUS = GL_TRUE
creating shader from shaders/bullet_vs.glsl...
shader compiled. index 439
creating shader from shaders/bullet_fs.glsl...
shader compiled. index 440
created programme 441. attaching shaders 439 and 440...
program 441 GL_VALIDATE_STATUS = GL_TRUE
creating shader from shaders/bullet_vs.glsl...
shader compiled. index 442
creating shader from shaders/bullet_fs.glsl...
shader compiled. index 443
created programme 444. attaching shaders 442 and 443...
program 444 GL_VALIDATE_STATUS = GL_TRUE
creating shader from shaders/bullet_vs.glsl...
shader compiled. index 445
creating shader from shaders/bullet_fs.glsl...
shader compiled. index 446
created programme 447. attaching shaders 445 and 446...
program 447 GL_VALIDATE_STATUS = GL_TRUE
creating shader from shaders/bullet_vs.glsl...
shader compiled. index 448
creating shader from shaders/bullet_fs.glsl...
shader compiled. index 449
created programme 450. attaching shaders 448 and 449...
program 450 GL_VALIDATE_STATUS = GL_TRUE
creating shader from shaders/bullet_vs.glsl...
shader compiled. index 451
creating shader from shaders/bullet_fs.glsl...
shader compiled. index 452
created programme 453. attaching shaders 451 and 452...
program 453 GL_VALIDATE_STATUS = GL_TRUE
creating shader from shaders/bullet_vs.glsl...
shader compiled. index 454
creating shader from shaders/bullet_fs.glsl...
shader compiled. index 455
created programme 456. attaching shaders 454 and 455...
program 456 GL_VALIDATE_STATUS = GL_TRUE
creating shader from shaders/bullet_vs.glsl...
shader compiled. index 457
creating shader from shaders/bullet_fs.glsl...
shader compiled. index 458
created programme 459. attaching shaders 457 and 458...
program 459 GL_VALIDATE_STATUS = GL_TRUE
creating shader from shaders/bullet_vs.glsl...
shader compiled. index 460
creating shader from shaders/bullet_fs.glsl...
shader compiled. index 461
created programme 462. attaching shaders 460 and 461...
program 462 GL_VALIDATE_STATUS = GL_TRUE
creating shader from shaders/bullet_vs.glsl...
shader compiled. index 463
creating shader from shaders/bullet_fs.glsl...
shader compiled. index 464
created programme 465. attaching shaders 463 and 464...
program 465 GL_VALIDATE_STATUS = GL_TRUE
creating shader from shaders/bullet_vs.glsl...
shader compiled. index 466
creating shader from shaders/bullet_fs.glsl...
shader compiled. index 467
created programme 468. attaching shaders 466 and 467...
program 468 GL_VALIDATE_STATUS = GL_TRUE
creating shader from shaders/bullet_vs.glsl...
shader compiled. index 469
creating shader from shaders/bullet_fs.glsl...
shader compiled. index 470
created programme 471. attaching shaders 469 and 470...
program 471 GL_VALIDATE_STATUS = GL_TRUE
creating shader from shaders/bullet_vs.glsl...
shader compiled. index 472
creating shader from shaders/bullet_fs.glsl...
shader compiled. index 473
created programme 474. attaching shaders 472 and 473...
program 474 GL_VALIDATE_STATUS = GL_TRUE
creating shader from shaders/bullet_vs.glsl...
shader compiled. index 475
creating shader from shaders/bullet_fs.glsl...
shader compiled. index 476
created programme 477. attaching shaders 475 and 476...
program 477 GL_VALIDATE_STATUS = GL_TRUE
creating shader from shaders/bullet_vs.glsl...
shader compiled. index 478
creating shader from shaders/bullet_fs.glsl...
shader compiled. index 479
created programme 480. attaching shaders 478 and 479...
program 480 GL_VALIDATE_STATUS = GL_TRUE
creating shader from shaders/bullet_vs.glsl...
shader compiled. index 481
creating shader from shaders/bullet_fs.glsl...
shader compiled. index 482
created programme 483. attaching shaders 481 and 482...
program 483 GL_VALIDATE_STATUS = GL_TRUE
creating shader from shaders/bullet_vs.glsl...
shader compiled. index 484
creating shader from shaders/bullet_fs.glsl...
shader compiled. index 485
created programme 486. attaching shaders 484 and 485...
program 486 GL_VALIDATE_STATUS = GL_TRUE
creating shader from shaders/bullet_vs.glsl...
shader compiled. index 487
creating shader from shaders/bullet_fs.glsl...
shader compiled. index 488
created programme 489. attaching shaders 487 and 488...
program 489 GL_VALIDATE_STATUS = GL_TRUE
creating shader from shaders/bullet_vs.glsl...
shader compiled. index 490
creating shader from shaders/bullet_fs.glsl...
shader compiled. index 491
created programme 492. attaching shaders 490 and 491...
program 492 GL_VALIDATE_STATUS = GL_TRUE
creating shader from shaders/bullet_vs.glsl...
shader compiled. index 493
creating shader from shaders/bullet_fs.glsl...
shader compiled. index 494
created programme 495. attaching shaders 493 and 494...
program 495 GL_VALIDATE_STATUS = GL_TRUE
creating shader from shaders/bullet_vs.glsl...
shader compiled. index 496
creating shader from shaders/bullet_fs.glsl...
shader compiled. index 497
created programme 498. attaching shaders 496 and 497...
program 498 GL_VALIDATE_STATUS = GL_TRUE
creating shader from shaders/bullet_vs.glsl...
shader compiled. index 499
creating shader from shaders/bullet_fs.glsl...
shader compiled. index 500
created programme 501. attaching shaders 499 and 500...
program 501 GL_VALIDATE_STATUS = GL_TRUE
creating shader from shaders/bullet_vs.glsl...
shader compiled. index 502
creating shader from shaders/bullet_fs.glsl...
shader compiled. index 503
created programme 504. attaching shaders 502 and 503...
program 504 GL_VALIDATE_STATUS = GL_TRUE
creating shader from shaders/bullet_vs.glsl...
shader compiled. index 505
creating shader from shaders/bullet_fs.glsl...
shader compiled. index 506
created programme 507. attaching shaders 505 and 506...
program 507 GL_VALIDATE_STATUS = GL_TRUE
creating shader from shaders/bullet_vs.glsl...
shader compiled. index 508
creating shader from shaders/bullet_fs.glsl...
shader compiled. index 509
created programme 510. attaching shaders 508 and 509...
program 510 GL_VALIDATE_STATUS = GL_TRUE
creating shader from shaders/bullet_vs.glsl...
shader compiled. index 511
creating shader from shaders/bullet_fs.glsl...
shader compiled. index 512
created programme 513. attaching shaders 511 and 512...
program 513 GL_VALIDATE_STATUS = GL_TRUE
creating shader from shaders/bullet_vs.glsl...
shader compiled. index 514
creating shader from shaders/bullet_fs.glsl...
shader compiled. index 515
created programme 516. attaching shaders 514 and 515...
program 516 GL_VALIDATE_STATUS = GL_TRUE
creating shader from shaders/bullet_vs.glsl...
shader compiled. index 517
creating shader from shaders/bullet_fs.glsl...
shader compiled. index 518
created programme 519. attaching shaders 517 and 518...
program 519 GL_VALIDATE_STATUS = GL_TRUE
creating shader from shaders/bullet_vs.glsl...
shader compiled. index 520
creating shader from shaders/bullet_fs.glsl...
shader compiled. index 521
created programme 522. attaching shaders 520 and 521...
program 522 GL_VALIDATE_STATUS = GL_TRUE
creating shader from shaders/bullet_vs.glsl...
shader compiled. index 523
creating shader from shaders/bullet_fs.glsl...
shader compiled. index 524
created programme 525. attaching shaders 523 and 524...
program 525 GL_VALIDATE_STATUS = GL_TRUE
creating shader from shaders/bullet_vs.glsl...
shader compiled. index 526
creating shader from shaders/bullet_fs.glsl...
shader compiled. index 527
created programme 528. attaching shaders 526 and 527...
program 528 GL_VALIDATE_STATUS = GL_TRUE
creating shader from shaders/bullet_vs.glsl...
shader compiled. index 529
creating shader from shaders/bullet_fs.glsl...
shader compiled. index 530
created programme 531. attaching shaders 529 and 530...
program 531 GL_VALIDATE_STATUS = GL_TRUE
creating shader from shaders/bullet_vs.glsl...
shader compiled. index 532
creating shader from shaders/bullet_fs.glsl...
shader compiled. index 533
created programme 534. attaching shaders 532 and 533...
program 534 GL_VALIDATE_STATUS = GL_TRUE
creating shader from shaders/bullet_vs.glsl...
shader compiled. index 535
creating shader from shaders/bullet_fs.glsl...
shader compiled. index 536
created programme 537. attaching shaders 535 and 536...
program 537 GL_VALIDATE_STATUS = GL_TRUE
creating shader from shaders/bullet_vs.glsl...
shader compiled. index 538
creating shader from shaders/bullet_fs.glsl...
shader compiled. index 539
created programme 540. attaching shaders 538 and 539...
program 540 GL_VALIDATE_STATUS = GL_TRUE
creating shader from shaders/bullet_vs.glsl...
shader compiled. index 541
creating shader from shaders/bullet_fs.glsl...
shader compiled. index 542
created programme 543. attaching shaders 541 and 542...
program 543 GL_VALIDATE_STATUS = GL_TRUE
creating shader from shaders/bullet_vs.glsl...
shader compiled. index 544
creating shader from shaders/bullet_fs.glsl...
shader compiled. index 545
created programme 546. attaching shaders 544 and 545...
program 546 GL_VALIDATE_STATUS = GL_TRUE
creating shader from shaders/bullet_vs.glsl...
shader compiled. index 547
creating shader from shaders/bullet_fs.glsl...
shader compiled. index 548
created programme 549. attaching shaders 547 and 548...
program 549 GL_VALIDATE_STATUS = GL_TRUE
creating shader from shaders/bullet_vs.glsl...
shader compiled. index 550
creating shader from shaders/bullet_fs.glsl...
shader compiled. index 551
created programme 552. attaching shaders 550 and 551...
program 552 GL_VALIDATE_STATUS = GL_TRUE
creating shader from shaders/bullet_vs.glsl...
shader compiled. index 553
creating shader from shaders/bullet_fs.glsl...
shader compiled. index 554
created programme 555. attaching shaders 553 and 554...
program 555 GL_VALIDATE_STATUS = GL_TRUE
creating shader from shaders/bullet_vs.glsl...
shader compiled. index 556
creating shader from shaders/bullet_fs.glsl...
shader compiled. index 557
created programme 558. attaching shaders 556 and 557...
program 558 GL_VALIDATE_STATUS = GL_TRUE
creating shader from shaders/bullet_vs.glsl...
shader compiled. index 559
creating shader from shaders/bullet_fs.glsl...
shader compiled. index 560
created programme 561. attaching shaders 559 and 560...
program 561 GL_VALIDATE_STATUS = GL_TRUE
creating shader from shaders/bullet_vs.glsl...
shader compiled. index 562
creating shader from shaders/bullet_fs.glsl...
shader compiled. index 563
created programme 564. attaching shaders 562 and 563...
program 564 GL_VALIDATE_STATUS = GL_TRUE
creating shader from shaders/bullet_vs.glsl...
shader compiled. index 565
creating shader from shaders/bullet_fs.glsl...
shader compiled. index 566
created programme 567. attaching shaders 565 and 566...
program 567 GL_VALIDATE_STATUS = GL_TRUE
creating shader from shaders/bullet_vs.glsl...
shader compiled. index 568
creating shader from shaders/bullet_fs.glsl...
shader compiled. index 569
created programme 570. attaching shaders 568 and 569...
program 570 GL_VALIDATE_STATUS = GL_TRUE
creating shader from shaders/bullet_vs.glsl...
shader compiled. index 571
creating shader from shaders/bullet_fs.glsl...
shader compiled. index 572
created programme 573. attaching shaders 571 and 572...
program 573 GL_VALIDATE_STATUS = GL_TRUE
creating shader from shaders/bullet_vs.glsl...
shader compiled. index 574
creating shader from shaders/bullet_fs.glsl...
shader compiled. index 575
created programme 576. attaching shaders 574 and 575...
program 576 GL_VALIDATE_STATUS = GL_TRUE
creating shader from shaders/bullet_vs.glsl...
shader compiled. index 577
creating shader from shaders/bullet_fs.glsl...
shader compiled. index 578
created programme 579. attaching shaders 577 and 578...
program 579 GL_VALIDATE_STATUS = GL_TRUE
creating shader from shaders/bullet_vs.glsl...
shader compiled. index 580
creating shader from shaders/bullet_fs.glsl...
shader compiled. index 581
created programme 582. attaching shaders 580 and 581...
program 582 GL_VALIDATE_STATUS = GL_TRUE
creating shader from shaders/bullet_vs.glsl...
shader compiled. index 583
creating shader from shaders/bullet_fs.glsl...
shader compiled. index 584
created programme 585. attaching shaders 583 and 584...
program 585 GL_VALIDATE_STATUS = GL_TRUE
creating shader from shaders/bullet_vs.glsl...
shader compiled. index 586
creating shader from shaders/bullet_fs.glsl...
shader compiled. index 587
created programme 588. attaching shaders 586 and 587...
program 588 GL_VALIDATE_STATUS = GL_TRUE
creating shader from shaders/bullet_vs.glsl...
shader compiled. index 589
creating shader from shaders/bullet_fs.glsl...
shader compiled. index 590
created programme 591. attaching shaders 589 and 590...
program 591 GL_VALIDATE_STATUS = GL_TRUE
creating shader from shaders/bullet_vs.glsl...
shader compiled. index 592
creating shader from shaders/bullet_fs.glsl...
shader compiled. index 593
created programme 594. attaching shaders 592 and 593...
program 594 GL_VALIDATE_STATUS = GL_TRUE
creating shader from shaders/bullet_vs.glsl...
shader compiled. index 595
creating shader from shaders/bullet_fs.glsl...
shader compiled. index 596
created programme 597. attaching shaders 595 and 596...
program 597 GL_VALIDATE_STATUS = GL_TRUE
creating shader from shaders/bullet_vs.glsl...
shader compiled. index 598
creating shader from shaders/bullet_fs.glsl...
shader compiled. index 599
created programme 600. attaching shaders 598 and 599...
program 600 GL_VALIDATE_STATUS = GL_TRUE
creating shader from shaders/bullet_vs.glsl...
shader compiled. index 601
creating shader from shaders/bullet_fs.glsl...
shader compiled. index 602
created programme 603. attaching shaders 601 and 602...
program 603 GL_VALIDATE_STATUS = GL_TRUE
creating shader from shaders/bullet_vs.glsl...
shader compiled. index 604
creating shader from shaders/bullet_fs.glsl...
shader compiled. index 605
created programme 606. attaching shaders 604 and 605...
program 606 GL_VALIDATE_STATUS = GL_TRUE
creating shader from shaders/bullet_vs.glsl...
shader compiled. index 607
creating shader from shaders/bullet_fs.glsl...
shader compiled. index 608
created programme 609. attaching shaders 607 and 608...
program 609 GL_VALIDATE_STATUS = GL_TRUE
creating shader from shaders/bullet_vs.glsl...
shader compiled. index 610
creating shader from shaders/bullet_fs.glsl...
shader compiled. index 611
created programme 612. attaching shaders 610 and 611...
program 612 GL_VALIDATE_STATUS = GL_TRUE
creating shader from shaders/bullet_vs.glsl...
shader compiled. index 613
creating shader from shaders/bullet_fs.glsl...
shader compiled. index 614
created programme 615. attaching shaders 613 and 614...
program 615 GL_VALIDATE_STATUS = GL_TRUE
creating shader from shaders/bullet_vs.glsl...
shader compiled. index 616
creating shader from shaders/bullet_fs.glsl...
shader compiled. index 617
created programme 618. attaching shaders 616 and 617...
program 618 GL_VALIDATE_STATUS = GL_TRUE
creating shader from shaders/bullet_vs.glsl...
shader compiled. index 619
creating shader from shaders/bullet_fs.glsl...
shader compiled. index 620
created programme 621. attaching shaders 619 and 620...
program 621 GL_VALIDATE_STATUS = GL_TRUE
creating shader from shaders/bullet_vs.glsl...
shader compiled. index 622
creating shader from shaders/bullet_fs.glsl...
shader compiled. index 623
created programme 624. attaching shaders 622 and 623...
program 624 GL_VALIDATE_STATUS = GL_TRUE
creating shader from shaders/bullet_vs.glsl...
shader compiled. index 625
creating shader from shaders/bullet_fs.glsl...
shader compiled. index 626
created programme 627. attaching shaders 625 and 626...
program 627 GL_VALIDATE_STATUS = GL_TRUE
creating shader from shaders/bullet_vs.glsl...
shader compiled. index 628
creating shader from shaders/bullet_fs.glsl...
shader compiled. index 629
created programme 630. attaching shaders 628 and 629...
program 630 GL_VALIDATE_STATUS = GL_TRUE
creating shader from shaders/bullet_vs.glsl...
shader compiled. index 631
creating shader from shaders/bullet_fs.glsl...
shader compiled. index 632
created programme 633. attaching shaders 631 and 632...
program 633 GL_VALIDATE_STATUS = GL_TRUE
creating shader from shaders/bullet_vs.glsl...
shader compiled. index 634
creating shader from shaders/bullet_fs.glsl...
shader compiled. index 635
created programme 636. attaching shaders 634 and 635...
program 636 GL_VALIDATE_STATUS = GL_TRUE
creating shader from shaders/bullet_vs.glsl...
shader compiled. index 637
creating shader from shaders/bullet_fs.glsl...
shader compiled. index 638
created programme 639. attaching shaders 637 and 638...
program 639 GL_VALIDATE_STATUS = GL_TRUE
creating shader from shaders/bullet_vs.glsl...
shader compiled. index 640
creating shader from shaders/bullet_fs.glsl...
shader compiled. index 641
created programme 642. attaching shaders 640 and 641...
program 642 GL_VALIDATE_STATUS = GL_TRUE
creating shader from shaders/bullet_vs.glsl...
shader compiled. index 643
creating shader from shaders/bullet_fs.glsl...
shader compiled. index 644
created programme 645. attaching shaders 643 and 644...
program 645 GL_VALIDATE_STATUS = GL_TRUE
creating shader from shaders/bullet_vs.glsl...
shader compiled. index 646
creating shader from shaders/bullet_fs.glsl...
shader compiled. index 647
created programme 648. attaching shaders 646 and 647...
program 648 GL_VALIDATE_STATUS = GL_TRUE
creating shader from shaders/bullet_vs.glsl...
shader compiled. index 649
creating shader from shaders/bullet_fs.glsl...
shader compiled. index 650
created programme 651. attaching shaders 649 and 650...
program 651 GL_VALIDATE_STATUS = GL_TRUE
creating shader from shaders/bullet_vs.glsl...
shader compiled. index 652
creating shader from shaders/bullet_fs.glsl...
shader compiled. index 653
created programme 654. attaching shaders 652 and 653...
program 654 GL_VALIDATE_STATUS = GL_TRUE
creating shader from shaders/bullet_vs.glsl...
shader compiled. index 655
creating shader from shaders/bullet_fs.glsl...
shader compiled. index 656
created programme 657. attaching shaders 655 and 656...
program 657 GL_VALIDATE_STATUS = GL_TRUE
creating shader from shaders/bullet_vs.glsl...
shader compiled. index 658
creating shader from shaders/bullet_fs.glsl...
shader compiled. index 659
created programme 660. attaching shaders 658 and 659...
program 660 GL_VALIDATE_STATUS = GL_TRUE
creating shader from shaders/bullet_vs.glsl...
shader compiled. index 661
creating shader from shaders/bullet_fs.glsl...
shader compiled. index 662
created programme 663. attaching shaders 661 and 662...
program 663 GL_VALIDATE_STATUS = GL_TRUE
creating shader from shaders/bullet_vs.glsl...
shader compiled. index 664
creating shader from shaders/bullet_fs.glsl...
shader compiled. index 665
created programme 666. attaching shaders 664 and 665...
program 666 GL_VALIDATE_STATUS = GL_TRUE
creating shader from shaders/bullet_vs.glsl...
shader compiled. index 667
creating shader from shaders/bullet_fs.glsl...
shader compiled. index 668
created programme 669. attaching shaders 667 and 668...
program 669 GL_VALIDATE_STATUS = GL_TRUE
creating shader from shaders/bullet_vs.glsl...
shader compiled. index 670
creating shader from shaders/bullet_fs.glsl...
shader compiled. index 671
created programme 672. attaching shaders 670 and 671...
program 672 GL_VALIDATE_STATUS = GL_TRUE
creating shader from shaders/bullet_vs.glsl...
shader compiled. index 673
creating shader from shaders/bullet_fs.glsl...
shader compiled. index 674
created programme 675. attaching shaders 673 and 674...
program 675 GL_VALIDATE_STATUS = GL_TRUE
creating shader from shaders/bullet_vs.glsl...
shader compiled. index 676
creating shader from shaders/bullet_fs.glsl...
shader compiled. index 677
created programme 678. attaching shaders 676 and 677...
program 678 GL_VALIDATE_STATUS = GL_TRUE
creating shader from shaders/bullet_vs.glsl...
shader compiled. index 679
creating shader from shaders/bullet_fs.glsl...
shader compiled. index 680
created programme 681. attaching shaders 679 and 680...
program 681 GL_VALIDATE_STATUS = GL_TRUE
creating shader from shaders/bullet_vs.glsl...
shader compiled. index 682
creating shader from shaders/bullet_fs.glsl...
shader compiled. index 683
created programme 684. attaching shaders 682 and 683...
program 684 GL_VALIDATE_STATUS = GL_TRUE
creating shader from shaders/bullet_vs.glsl...
shader compiled. index 685
creating shader from shaders/bullet_fs.glsl...
shader compiled. index 686
created programme 687. attaching shaders 685 and 686...
program 687 GL_VALIDATE_STATUS = GL_TRUE
creating shader from shaders/bullet_vs.glsl...
shader compiled. index 688
creating shader from shaders/bullet_fs.glsl...
shader compiled. index 689
created programme 690. attaching shaders 688 and 689...
program 690 GL_VALIDATE_STATUS = GL_TRUE
creating shader from shaders/bullet_vs.glsl...
shader compiled. index 691
creating shader from shaders/bullet_fs.glsl...
shader compiled. index 692
created programme 693. attaching shaders 691 and 692...
program 693 GL_VALIDATE_STATUS = GL_TRUE
creating shader from shaders/bullet_vs.glsl...
shader compiled. index 694
creating shader from shaders/bullet_fs.glsl...
shader compiled. index 695
created programme 696. attaching shaders 694 and 695...
program 696 GL_VALIDATE_STATUS = GL_TRUE
creating shader from shaders/bullet_vs.glsl...
shader compiled. index 697
creating shader from shaders/bullet_fs.glsl...
shader compiled. index 698
created programme 699. attaching shaders 697 and 698...
program 699 GL_VALIDATE_STATUS = GL_TRUE
